[26/Jun/2015 10:26:58] INFO [orders.views:135] Get data of all parent
[26/Jun/2015 10:36:46] INFO [orders.views:135] Get data of all parent
[26/Jun/2015 10:37:28] INFO [orders.views:135] Get data of all parent
[26/Jun/2015 10:44:41] INFO [orders.views:135] Get data of all parent
[26/Jun/2015 11:03:05] INFO [orders.views:135] Get data of all parent
[26/Jun/2015 11:06:45] INFO [orders.views:135] Get data of all parent
[26/Jun/2015 11:53:48] INFO [orders.views:135] Get data of all parent
[26/Jun/2015 11:54:24] INFO [orders.views:135] Get data of all parent
[26/Jun/2015 11:58:41] INFO [orders.views:135] Get data of all parent
[26/Jun/2015 12:01:34] INFO [orders.views:135] Get data of all parent
[26/Jun/2015 12:32:53] INFO [orders.views:135] Get data of all parent
[26/Jun/2015 12:32:58] INFO [orders.views:75] Filter not passed, Processing full Query: SELECT `inventory_amazonorders`.`id`, `inventory_amazonorders`.`amazonproduct`, `inventory_amazonorders`.`amazonorderid`, `inventory_amazonorders`.`buyername`, `inventory_amazonorders`.`buyeremail`, `inventory_amazonorders`.`ordertype`, `inventory_amazonorders`.`numberofitemsshipped`, `inventory_amazonorders`.`numberofitemsunshipped`, `inventory_amazonorders`.`paymentmethod`, `inventory_amazonorders`.`orderstatus`, `inventory_amazonorders`.`saleschannel`, `inventory_amazonorders`.`amount`, `inventory_amazonorders`.`marketplaceid`, `inventory_amazonorders`.`fulfillmentchannel`, `inventory_amazonorders`.`shipservicelevel`, `inventory_amazonorders`.`address`, `inventory_amazonorders`.`purchasedate`, `inventory_amazonorders`.`lastupdatedate`, `inventory_amazonorders`.`created_on`, `inventory_amazonorders`.`updated_on`, `inventory_amazonorders`.`channel_id`, `inventory_amazonorders`.`created_by_id`, `inventory_amazonorders`.`updated_by_id`, `inventory_amazonorders`.`user_id` FROM `inventory_amazonorders`
[26/Jun/2015 12:33:37] INFO [orders.views:45] Got filter id: 4
[26/Jun/2015 12:33:37] INFO [orders.views:53] Filter has only root node, Logic: (AND: (u'order_number__eq', u'1'))
[26/Jun/2015 12:33:37] ERROR [orders.views:72] In queryset exception : Cannot resolve keyword u'order_number' into field. Choices are: address, amazonorderid, amazonproduct, amount, buyeremail, buyername, channel, channel_id, created_by, created_by_id, created_on, fulfillmentchannel, id, lastupdatedate, marketplaceid, numberofitemsshipped, numberofitemsunshipped, orderstatus, ordertype, paymentmethod, productorder, purchasedate, saleschannel, shipservicelevel, updated_by, updated_by_id, updated_on, user, user_id
[26/Jun/2015 12:37:30] INFO [orders.views:135] Get data of all parent
[26/Jun/2015 12:39:33] INFO [orders.views:135] Get data of all parent
[26/Jun/2015 12:44:33] INFO [orders.views:135] Get data of all parent
[26/Jun/2015 12:48:19] INFO [orders.views:135] Get data of all parent
[26/Jun/2015 12:49:01] INFO [orders.views:135] Get data of all parent
[26/Jun/2015 12:50:21] INFO [orders.views:135] Get data of all parent
[26/Jun/2015 12:52:26] INFO [orders.views:135] Get data of all parent
[26/Jun/2015 12:53:33] INFO [orders.views:135] Get data of all parent
[26/Jun/2015 12:53:54] INFO [orders.views:135] Get data of all parent
[26/Jun/2015 13:44:55] INFO [orders.views:135] Get data of all parent
[26/Jun/2015 14:01:21] INFO [orders.views:135] Get data of all parent
[26/Jun/2015 14:13:27] INFO [orders.views:135] Get data of all parent
[26/Jun/2015 14:14:22] INFO [orders.views:135] Get data of all parent
[26/Jun/2015 14:14:51] INFO [orders.views:135] Get data of all parent
[26/Jun/2015 14:21:51] INFO [orders.views:135] Get data of all parent
[26/Jun/2015 14:22:51] INFO [orders.views:135] Get data of all parent
[26/Jun/2015 14:23:23] INFO [orders.views:135] Get data of all parent
[26/Jun/2015 14:24:27] INFO [orders.views:135] Get data of all parent
[26/Jun/2015 14:25:53] INFO [orders.views:135] Get data of all parent
[27/Jun/2015 05:15:53] INFO [orders.views:135] Get data of all parent
[27/Jun/2015 05:28:13] INFO [orders.views:135] Get data of all parent
[27/Jun/2015 05:36:48] INFO [orders.views:135] Get data of all parent
[27/Jun/2015 05:43:46] INFO [orders.views:135] Get data of all parent
[27/Jun/2015 05:47:41] INFO [orders.views:135] Get data of all parent
[27/Jun/2015 05:53:32] INFO [orders.views:135] Get data of all parent
[27/Jun/2015 05:57:48] INFO [orders.views:135] Get data of all parent
[27/Jun/2015 06:00:37] INFO [orders.views:135] Get data of all parent
[27/Jun/2015 08:56:05] INFO [orders.views:135] Get data of all parent
[27/Jun/2015 09:00:54] INFO [orders.views:135] Get data of all parent
[27/Jun/2015 09:29:44] INFO [orders.views:135] Get data of all parent
[27/Jun/2015 09:30:47] INFO [orders.views:135] Get data of all parent
[27/Jun/2015 09:31:32] INFO [orders.views:135] Get data of all parent
[27/Jun/2015 09:32:10] INFO [orders.views:135] Get data of all parent
[27/Jun/2015 09:42:45] INFO [orders.views:135] Get data of all parent
[27/Jun/2015 10:25:30] INFO [orders.views:135] Get data of all parent
[27/Jun/2015 10:29:45] INFO [orders.views:135] Get data of all parent
[27/Jun/2015 10:33:34] INFO [orders.views:135] Get data of all parent
[27/Jun/2015 10:43:21] INFO [orders.views:135] Get data of all parent
[27/Jun/2015 10:45:57] INFO [orders.views:135] Get data of all parent
[27/Jun/2015 10:52:48] INFO [orders.views:135] Get data of all parent
[27/Jun/2015 10:54:15] INFO [orders.views:135] Get data of all parent
[27/Jun/2015 10:59:09] INFO [orders.views:135] Get data of all parent
[27/Jun/2015 11:01:28] INFO [orders.views:135] Get data of all parent
[27/Jun/2015 11:02:14] INFO [orders.views:135] Get data of all parent
[27/Jun/2015 11:02:48] INFO [orders.views:135] Get data of all parent
[27/Jun/2015 11:04:25] INFO [orders.views:135] Get data of all parent
[27/Jun/2015 11:05:30] INFO [orders.views:135] Get data of all parent
[27/Jun/2015 11:07:48] INFO [orders.views:135] Get data of all parent
[27/Jun/2015 11:08:35] INFO [orders.views:135] Get data of all parent
[27/Jun/2015 11:09:22] INFO [orders.views:135] Get data of all parent
[27/Jun/2015 11:10:45] INFO [orders.views:135] Get data of all parent
[27/Jun/2015 11:11:32] INFO [orders.views:135] Get data of all parent
[27/Jun/2015 11:12:57] INFO [orders.views:135] Get data of all parent
[27/Jun/2015 11:16:07] INFO [orders.views:135] Get data of all parent
[27/Jun/2015 11:19:15] INFO [orders.views:135] Get data of all parent
[27/Jun/2015 11:20:18] INFO [orders.views:135] Get data of all parent
[27/Jun/2015 11:21:16] INFO [orders.views:135] Get data of all parent
[27/Jun/2015 11:23:12] INFO [orders.views:75] Filter not passed, Processing full Query: SELECT `inventory_amazonorders`.`id`, `inventory_amazonorders`.`amazonproduct`, `inventory_amazonorders`.`amazonorderid`, `inventory_amazonorders`.`buyername`, `inventory_amazonorders`.`buyeremail`, `inventory_amazonorders`.`ordertype`, `inventory_amazonorders`.`numberofitemsshipped`, `inventory_amazonorders`.`numberofitemsunshipped`, `inventory_amazonorders`.`paymentmethod`, `inventory_amazonorders`.`orderstatus`, `inventory_amazonorders`.`saleschannel`, `inventory_amazonorders`.`amount`, `inventory_amazonorders`.`marketplaceid`, `inventory_amazonorders`.`fulfillmentchannel`, `inventory_amazonorders`.`shipservicelevel`, `inventory_amazonorders`.`address`, `inventory_amazonorders`.`purchasedate`, `inventory_amazonorders`.`lastupdatedate`, `inventory_amazonorders`.`created_on`, `inventory_amazonorders`.`updated_on`, `inventory_amazonorders`.`channel_id`, `inventory_amazonorders`.`created_by_id`, `inventory_amazonorders`.`updated_by_id`, `inventory_amazonorders`.`user_id` FROM `inventory_amazonorders`
[27/Jun/2015 11:31:03] INFO [orders.views:135] Get data of all parent
[27/Jun/2015 11:38:52] INFO [orders.views:135] Get data of all parent
[27/Jun/2015 11:42:21] INFO [orders.views:135] Get data of all parent
[27/Jun/2015 11:42:26] INFO [orders.views:75] Filter not passed, Processing full Query: SELECT `inventory_amazonorders`.`id`, `inventory_amazonorders`.`amazonproduct`, `inventory_amazonorders`.`amazonorderid`, `inventory_amazonorders`.`buyername`, `inventory_amazonorders`.`buyeremail`, `inventory_amazonorders`.`ordertype`, `inventory_amazonorders`.`numberofitemsshipped`, `inventory_amazonorders`.`numberofitemsunshipped`, `inventory_amazonorders`.`paymentmethod`, `inventory_amazonorders`.`orderstatus`, `inventory_amazonorders`.`saleschannel`, `inventory_amazonorders`.`amount`, `inventory_amazonorders`.`marketplaceid`, `inventory_amazonorders`.`fulfillmentchannel`, `inventory_amazonorders`.`shipservicelevel`, `inventory_amazonorders`.`address`, `inventory_amazonorders`.`purchasedate`, `inventory_amazonorders`.`lastupdatedate`, `inventory_amazonorders`.`created_on`, `inventory_amazonorders`.`updated_on`, `inventory_amazonorders`.`channel_id`, `inventory_amazonorders`.`created_by_id`, `inventory_amazonorders`.`updated_by_id`, `inventory_amazonorders`.`user_id` FROM `inventory_amazonorders`
[27/Jun/2015 11:43:29] INFO [orders.views:135] Get data of all parent
[27/Jun/2015 11:43:57] INFO [orders.views:135] Get data of all parent
[27/Jun/2015 11:44:46] INFO [orders.views:135] Get data of all parent
[27/Jun/2015 11:46:03] INFO [orders.views:135] Get data of all parent
[27/Jun/2015 11:46:45] INFO [orders.views:135] Get data of all parent
[27/Jun/2015 11:49:44] INFO [orders.views:135] Get data of all parent
[27/Jun/2015 11:51:05] INFO [orders.views:135] Get data of all parent
[27/Jun/2015 11:52:10] INFO [orders.views:135] Get data of all parent
[27/Jun/2015 11:52:53] INFO [orders.views:135] Get data of all parent
[27/Jun/2015 11:53:22] INFO [orders.views:135] Get data of all parent
[27/Jun/2015 11:53:55] INFO [orders.views:135] Get data of all parent
[27/Jun/2015 11:54:45] INFO [orders.views:135] Get data of all parent
[27/Jun/2015 11:55:31] INFO [orders.views:135] Get data of all parent
[27/Jun/2015 11:56:46] INFO [orders.views:135] Get data of all parent
[27/Jun/2015 11:57:25] INFO [orders.views:135] Get data of all parent
[27/Jun/2015 11:58:24] INFO [orders.views:135] Get data of all parent
[27/Jun/2015 11:58:50] INFO [orders.views:135] Get data of all parent
[27/Jun/2015 12:00:59] INFO [orders.views:135] Get data of all parent
[27/Jun/2015 12:02:45] INFO [orders.views:135] Get data of all parent
[27/Jun/2015 12:04:23] INFO [orders.views:135] Get data of all parent
[27/Jun/2015 12:07:54] INFO [orders.views:135] Get data of all parent
[27/Jun/2015 12:08:34] INFO [orders.views:135] Get data of all parent
[27/Jun/2015 12:28:19] INFO [orders.views:135] Get data of all parent
[27/Jun/2015 12:30:31] INFO [orders.views:135] Get data of all parent
[27/Jun/2015 12:37:00] INFO [orders.views:135] Get data of all parent
[27/Jun/2015 12:37:42] INFO [orders.views:135] Get data of all parent
[27/Jun/2015 12:39:03] INFO [orders.views:135] Get data of all parent
[27/Jun/2015 12:40:15] INFO [orders.views:135] Get data of all parent
[27/Jun/2015 12:40:56] INFO [orders.views:135] Get data of all parent
[27/Jun/2015 12:41:38] INFO [orders.views:135] Get data of all parent
[27/Jun/2015 12:42:00] INFO [orders.views:135] Get data of all parent
[27/Jun/2015 12:46:47] INFO [orders.views:135] Get data of all parent
[27/Jun/2015 12:51:22] INFO [orders.views:135] Get data of all parent
[27/Jun/2015 12:55:19] INFO [orders.views:135] Get data of all parent
[27/Jun/2015 13:01:50] INFO [orders.views:135] Get data of all parent
[27/Jun/2015 13:07:39] INFO [orders.views:135] Get data of all parent
[27/Jun/2015 13:12:22] INFO [orders.views:135] Get data of all parent
[27/Jun/2015 13:16:14] INFO [orders.views:135] Get data of all parent
[27/Jun/2015 13:16:23] INFO [orders.views:135] Get data of all parent
[27/Jun/2015 13:16:43] INFO [orders.views:135] Get data of all parent
[27/Jun/2015 13:17:02] INFO [orders.views:135] Get data of all parent
[27/Jun/2015 13:18:42] INFO [orders.views:135] Get data of all parent
[27/Jun/2015 13:18:59] INFO [orders.views:135] Get data of all parent
[27/Jun/2015 13:19:43] INFO [orders.views:135] Get data of all parent
[27/Jun/2015 13:21:08] INFO [orders.views:135] Get data of all parent
[27/Jun/2015 13:30:38] INFO [orders.views:135] Get data of all parent
[27/Jun/2015 13:32:18] INFO [orders.views:135] Get data of all parent
[27/Jun/2015 13:32:28] INFO [orders.views:135] Get data of all parent
[27/Jun/2015 13:33:37] INFO [orders.views:135] Get data of all parent
[27/Jun/2015 13:34:30] INFO [orders.views:135] Get data of all parent
[27/Jun/2015 13:35:10] INFO [orders.views:135] Get data of all parent
[27/Jun/2015 13:35:31] INFO [orders.views:135] Get data of all parent
[27/Jun/2015 13:36:32] INFO [orders.views:135] Get data of all parent
[27/Jun/2015 13:38:05] INFO [orders.views:135] Get data of all parent
[27/Jun/2015 13:41:44] INFO [orders.views:135] Get data of all parent
[27/Jun/2015 13:45:54] INFO [orders.views:135] Get data of all parent
[27/Jun/2015 13:46:23] INFO [orders.views:75] Filter not passed, Processing full Query: SELECT `inventory_amazonorders`.`id`, `inventory_amazonorders`.`amazonproduct`, `inventory_amazonorders`.`amazonorderid`, `inventory_amazonorders`.`buyername`, `inventory_amazonorders`.`buyeremail`, `inventory_amazonorders`.`ordertype`, `inventory_amazonorders`.`numberofitemsshipped`, `inventory_amazonorders`.`numberofitemsunshipped`, `inventory_amazonorders`.`paymentmethod`, `inventory_amazonorders`.`orderstatus`, `inventory_amazonorders`.`saleschannel`, `inventory_amazonorders`.`amount`, `inventory_amazonorders`.`marketplaceid`, `inventory_amazonorders`.`fulfillmentchannel`, `inventory_amazonorders`.`shipservicelevel`, `inventory_amazonorders`.`address`, `inventory_amazonorders`.`purchasedate`, `inventory_amazonorders`.`lastupdatedate`, `inventory_amazonorders`.`created_on`, `inventory_amazonorders`.`updated_on`, `inventory_amazonorders`.`channel_id`, `inventory_amazonorders`.`created_by_id`, `inventory_amazonorders`.`updated_by_id`, `inventory_amazonorders`.`user_id` FROM `inventory_amazonorders`
[27/Jun/2015 13:50:21] INFO [orders.views:135] Get data of all parent
[27/Jun/2015 13:51:09] INFO [orders.views:135] Get data of all parent
